2025-04-04T12:09:56.163+02:00  WARN 88880 --- [SafetyNet] [http-nio-8080-exec-6] .w.s.m.s.DefaultHandlerExceptionResolver : Resolved [org.springframework.web.bind.MissingServletRequestParameterException: Required request parameter 'stations' for method parameter type List is not present]
2025-04-04T12:10:28.062+02:00  WARN 88880 --- [SafetyNet] [http-nio-8080-exec-10] .w.s.m.s.DefaultHandlerExceptionResolver : Resolved [org.springframework.web.method.annotation.MethodArgumentTypeMismatchException: Method parameter 'stations': Failed to convert value of type 'java.lang.String' to required type 'java.util.List'; For input string: "1509CulverSt"]
2025-04-04T12:10:48.040+02:00  WARN 88880 --- [SafetyNet] [http-nio-8080-exec-3] .w.s.m.s.DefaultHandlerExceptionResolver : Resolved [org.springframework.web.bind.MissingServletRequestParameterException: Required request parameter 'stations' for method parameter type List is not present]
2025-04-04T12:11:39.850+02:00  INFO 88880 --- [SafetyNet] [RMI TCP Connection(238)-127.0.0.1] inMXBeanRegistrar$SpringApplicationAdmin : Application shutdown requested.
2025-04-04T12:11:39.885+02:00  INFO 88880 --- [SafetyNet] [RMI TCP Connection(238)-127.0.0.1] o.s.b.w.e.tomcat.GracefulShutdown        : Commencing graceful shutdown. Waiting for active requests to complete
2025-04-04T12:11:39.934+02:00  INFO 88880 --- [SafetyNet] [tomcat-shutdown] o.s.b.w.e.tomcat.GracefulShutdown        : Graceful shutdown complete
2025-04-04T12:11:43.169+02:00  INFO 84772 --- [SafetyNet] [main] com.SafetyNet.SafetyNetApplication       : Starting SafetyNetApplication using Java 21.0.5 with PID 84772 (C:\Users\mario\Desktop\Formation Openclassrooms\Developpeur_application_JAVA\Projet_5\safetynet\target\classes started by mario in C:\Users\mario\Desktop\Formation Openclassrooms\Developpeur_application_JAVA\Projet_5\safetynet)
2025-04-04T12:11:43.172+02:00  INFO 84772 --- [SafetyNet] [main] com.SafetyNet.SafetyNetApplication       : No active profile set, falling back to 1 default profile: "default"
2025-04-04T12:11:44.315+02:00  INFO 84772 --- [SafetyNet] [main] o.s.b.w.embedded.tomcat.TomcatWebServer  : Tomcat initialized with port 8080 (http)
2025-04-04T12:11:44.335+02:00  INFO 84772 --- [SafetyNet] [main] o.apache.catalina.core.StandardService   : Starting service [Tomcat]
2025-04-04T12:11:44.335+02:00  INFO 84772 --- [SafetyNet] [main] o.apache.catalina.core.StandardEngine    : Starting Servlet engine: [Apache Tomcat/10.1.36]
2025-04-04T12:11:44.401+02:00  INFO 84772 --- [SafetyNet] [main] o.a.c.c.C.[Tomcat].[localhost].[/]       : Initializing Spring embedded WebApplicationContext
2025-04-04T12:11:44.402+02:00  INFO 84772 --- [SafetyNet] [main] w.s.c.ServletWebServerApplicationContext : Root WebApplicationContext: initialization completed in 1167 ms
2025-04-04T12:11:44.857+02:00  INFO 84772 --- [SafetyNet] [main] o.s.b.w.embedded.tomcat.TomcatWebServer  : Tomcat started on port 8080 (http) with context path '/'
2025-04-04T12:11:44.865+02:00  INFO 84772 --- [SafetyNet] [main] com.SafetyNet.SafetyNetApplication       : Started SafetyNetApplication in 2.236 seconds (process running for 3.442)
2025-04-04T12:11:44.889+02:00  INFO 84772 --- [SafetyNet] [main] c.S.repository.DataLoaderRepository      : Lecture du fichier ok, nombre d'habitants : 23
2025-04-04T12:11:44.954+02:00  INFO 84772 --- [SafetyNet] [main] c.S.repository.DataLoaderRepository      : Lecture du fichier ok, nombre de firestation : 13
2025-04-04T12:11:44.960+02:00  INFO 84772 --- [SafetyNet] [main] c.S.repository.DataLoaderRepository      : Lecture du fichier ok, nombre de dossier medical : 23
2025-04-04T12:11:55.314+02:00  INFO 84772 --- [SafetyNet] [http-nio-8080-exec-1] o.a.c.c.C.[Tomcat].[localhost].[/]       : Initializing Spring DispatcherServlet 'dispatcherServlet'
2025-04-04T12:11:55.315+02:00  INFO 84772 --- [SafetyNet] [http-nio-8080-exec-1] o.s.web.servlet.DispatcherServlet        : Initializing Servlet 'dispatcherServlet'
2025-04-04T12:11:55.316+02:00  INFO 84772 --- [SafetyNet] [http-nio-8080-exec-1] o.s.web.servlet.DispatcherServlet        : Completed initialization in 1 ms
2025-04-04T12:11:55.376+02:00  WARN 84772 --- [SafetyNet] [http-nio-8080-exec-1] .w.s.m.s.DefaultHandlerExceptionResolver : Resolved [org.springframework.web.bind.MissingServletRequestParameterException: Required request parameter 'stations' for method parameter type List is not present]
2025-04-04T12:12:14.387+02:00  INFO 84772 --- [SafetyNet] [http-nio-8080-exec-5] com.SafetyNet.service.PersonService      : Nombre de foyer desservis par les différentes casernes : 6
2025-04-04T12:12:14.391+02:00  INFO 84772 --- [SafetyNet] [http-nio-8080-exec-5] c.S.controller.ReportingController       : Reponse reçue 200 OK, nombre de foyers desservis par les casernes [1, 2] : 6
